<?xml version="1.0" encoding="UTF-8"?>
<!-- Generated by org.testng.reporters.JUnitXMLReporter -->
<testsuite hostname="LenovoL330-7" ignored="0" name="Test" tests="5" failures="0" timestamp="2020-04-04T23:55:28 IST" time="2.446" errors="0">
  <testcase name="testcase2" time="1.706" classname="Testscript.TC2"/>
  <testcase name="testcase3" time="0.041" classname="Testscript.TC3"/>
  <testcase name="testcase4" time="0.127" classname="Testscript.TC4"/>
  <testcase name="testcase5" time="0.031" classname="Testscript.TC5"/>
  <testcase name="testcase1" time="0.475" classname="Testscript.TC1"/>
</testsuite> <!-- Test -->
